{"/Users/manuelrodriguezsebastian/Developer/backend/Task-Tracker/src/tasks/application/use-cases/AddTaskUseCase.ts": {"path":"/Users/manuelrodriguezsebastian/Developer/backend/Task-Tracker/src/tasks/application/use-cases/AddTaskUseCase.ts","statementMap":{"0":{"start":{"line":2,"column":0},"end":{"line":2,"column":57}},"1":{"start":{"line":4,"column":30},"end":{"line":12,"column":1}},"2":{"start":{"line":8,"column":2},"end":{"line":11,"column":5}},"3":{"start":{"line":4,"column":13},"end":{"line":4,"column":30}}},"fnMap":{"0":{"name":"(anonymous_0)","decl":{"start":{"line":4,"column":30},"end":{"line":4,"column":35}},"loc":{"start":{"line":7,"column":19},"end":{"line":12,"column":1}}}},"branchMap":{},"s":{"0":3,"1":3,"2":6,"3":3},"f":{"0":6},"b":{}}
,"/Users/manuelrodriguezsebastian/Developer/backend/Task-Tracker/src/tasks/application/use-cases/ChangeTaskStatusUseCase.ts": {"path":"/Users/manuelrodriguezsebastian/Developer/backend/Task-Tracker/src/tasks/application/use-cases/ChangeTaskStatusUseCase.ts","statementMap":{"0":{"start":{"line":4,"column":39},"end":{"line":13,"column":1}},"1":{"start":{"line":9,"column":15},"end":{"line":9,"column":60}},"2":{"start":{"line":10,"column":2},"end":{"line":12,"column":3}},"3":{"start":{"line":11,"column":4},"end":{"line":11,"column":56}},"4":{"start":{"line":4,"column":13},"end":{"line":4,"column":39}}},"fnMap":{"0":{"name":"(anonymous_0)","decl":{"start":{"line":4,"column":39},"end":{"line":4,"column":44}},"loc":{"start":{"line":8,"column":19},"end":{"line":13,"column":1}}}},"branchMap":{"0":{"loc":{"start":{"line":10,"column":2},"end":{"line":12,"column":3}},"type":"if","locations":[{"start":{"line":10,"column":2},"end":{"line":12,"column":3}},{"start":{},"end":{}}]}},"s":{"0":3,"1":6,"2":5,"3":1,"4":3},"f":{"0":6},"b":{"0":[1,4]}}
,"/Users/manuelrodriguezsebastian/Developer/backend/Task-Tracker/src/tasks/application/use-cases/DeleteTaskUseCase.ts": {"path":"/Users/manuelrodriguezsebastian/Developer/backend/Task-Tracker/src/tasks/application/use-cases/DeleteTaskUseCase.ts","statementMap":{"0":{"start":{"line":3,"column":33},"end":{"line":11,"column":1}},"1":{"start":{"line":7,"column":18},"end":{"line":7,"column":49}},"2":{"start":{"line":8,"column":2},"end":{"line":10,"column":3}},"3":{"start":{"line":9,"column":4},"end":{"line":9,"column":56}},"4":{"start":{"line":3,"column":13},"end":{"line":3,"column":33}}},"fnMap":{"0":{"name":"(anonymous_0)","decl":{"start":{"line":3,"column":33},"end":{"line":3,"column":38}},"loc":{"start":{"line":6,"column":19},"end":{"line":11,"column":1}}}},"branchMap":{"0":{"loc":{"start":{"line":8,"column":2},"end":{"line":10,"column":3}},"type":"if","locations":[{"start":{"line":8,"column":2},"end":{"line":10,"column":3}},{"start":{},"end":{}}]}},"s":{"0":3,"1":5,"2":4,"3":1,"4":3},"f":{"0":5},"b":{"0":[1,3]}}
,"/Users/manuelrodriguezsebastian/Developer/backend/Task-Tracker/src/tasks/application/use-cases/ListTasksUseCase.ts": {"path":"/Users/manuelrodriguezsebastian/Developer/backend/Task-Tracker/src/tasks/application/use-cases/ListTasksUseCase.ts","statementMap":{"0":{"start":{"line":4,"column":32},"end":{"line":6,"column":1}},"1":{"start":{"line":5,"column":2},"end":{"line":5,"column":36}},"2":{"start":{"line":4,"column":13},"end":{"line":4,"column":32}}},"fnMap":{"0":{"name":"(anonymous_0)","decl":{"start":{"line":4,"column":32},"end":{"line":4,"column":37}},"loc":{"start":{"line":4,"column":87},"end":{"line":6,"column":1}}}},"branchMap":{},"s":{"0":3,"1":6,"2":3},"f":{"0":6},"b":{}}
,"/Users/manuelrodriguezsebastian/Developer/backend/Task-Tracker/src/tasks/application/use-cases/UpdateTaskUseCase.ts": {"path":"/Users/manuelrodriguezsebastian/Developer/backend/Task-Tracker/src/tasks/application/use-cases/UpdateTaskUseCase.ts","statementMap":{"0":{"start":{"line":4,"column":33},"end":{"line":13,"column":1}},"1":{"start":{"line":9,"column":15},"end":{"line":9,"column":55}},"2":{"start":{"line":10,"column":2},"end":{"line":12,"column":3}},"3":{"start":{"line":11,"column":4},"end":{"line":11,"column":56}},"4":{"start":{"line":4,"column":13},"end":{"line":4,"column":33}}},"fnMap":{"0":{"name":"(anonymous_0)","decl":{"start":{"line":4,"column":33},"end":{"line":4,"column":38}},"loc":{"start":{"line":8,"column":19},"end":{"line":13,"column":1}}}},"branchMap":{"0":{"loc":{"start":{"line":10,"column":2},"end":{"line":12,"column":3}},"type":"if","locations":[{"start":{"line":10,"column":2},"end":{"line":12,"column":3}},{"start":{},"end":{}}]}},"s":{"0":3,"1":6,"2":5,"3":1,"4":3},"f":{"0":6},"b":{"0":[1,4]}}
,"/Users/manuelrodriguezsebastian/Developer/backend/Task-Tracker/src/tasks/domain/Task.interface.ts": {"path":"/Users/manuelrodriguezsebastian/Developer/backend/Task-Tracker/src/tasks/domain/Task.interface.ts","statementMap":{"0":{"start":{"line":9,"column":0},"end":{"line":9,"column":null}},"1":{"start":{"line":10,"column":2},"end":{"line":10,"column":null}},"2":{"start":{"line":11,"column":2},"end":{"line":11,"column":null}},"3":{"start":{"line":12,"column":2},"end":{"line":12,"column":null}},"4":{"start":{"line":13,"column":2},"end":{"line":13,"column":null}}},"fnMap":{"0":{"name":"(anonymous_0)","decl":{"start":{"line":9,"column":0},"end":{"line":9,"column":12}},"loc":{"start":{"line":9,"column":22},"end":{"line":14,"column":1}}}},"branchMap":{"0":{"loc":{"start":{"line":9,"column":12},"end":{"line":9,"column":null}},"type":"binary-expr","locations":[{"start":{"line":9,"column":12},"end":{"line":9,"column":22}},{"start":{"line":9,"column":22},"end":{"line":9,"column":null}}]}},"s":{"0":11,"1":11,"2":11,"3":11,"4":11},"f":{"0":11},"b":{"0":[11,11]}}
,"/Users/manuelrodriguezsebastian/Developer/backend/Task-Tracker/src/tasks/infrastructure/cli/commands/add.ts": {"path":"/Users/manuelrodriguezsebastian/Developer/backend/Task-Tracker/src/tasks/infrastructure/cli/commands/add.ts","statementMap":{"0":{"start":{"line":1,"column":0},"end":{"line":1,"column":36}},"1":{"start":{"line":3,"column":0},"end":{"line":3,"column":79}},"2":{"start":{"line":5,"column":26},"end":{"line":18,"column":1}},"3":{"start":{"line":6,"column":2},"end":{"line":17,"column":7}},"4":{"start":{"line":11,"column":6},"end":{"line":16,"column":7}},"5":{"start":{"line":12,"column":8},"end":{"line":12,"column":47}},"6":{"start":{"line":13,"column":8},"end":{"line":13,"column":57}},"7":{"start":{"line":15,"column":8},"end":{"line":15,"column":null}},"8":{"start":{"line":5,"column":13},"end":{"line":5,"column":26}}},"fnMap":{"0":{"name":"(anonymous_0)","decl":{"start":{"line":5,"column":26},"end":{"line":5,"column":27}},"loc":{"start":{"line":5,"column":58},"end":{"line":18,"column":1}}},"1":{"name":"(anonymous_1)","decl":{"start":{"line":10,"column":12},"end":{"line":10,"column":17}},"loc":{"start":{"line":10,"column":27},"end":{"line":17,"column":5}}}},"branchMap":{},"s":{"0":2,"1":2,"2":2,"3":7,"4":2,"5":2,"6":1,"7":1,"8":2},"f":{"0":7,"1":2},"b":{}}
,"/Users/manuelrodriguezsebastian/Developer/backend/Task-Tracker/src/tasks/infrastructure/cli/commands/delete.ts": {"path":"/Users/manuelrodriguezsebastian/Developer/backend/Task-Tracker/src/tasks/infrastructure/cli/commands/delete.ts","statementMap":{"0":{"start":{"line":1,"column":0},"end":{"line":1,"column":36}},"1":{"start":{"line":3,"column":0},"end":{"line":3,"column":85}},"2":{"start":{"line":5,"column":29},"end":{"line":18,"column":1}},"3":{"start":{"line":6,"column":2},"end":{"line":17,"column":7}},"4":{"start":{"line":11,"column":6},"end":{"line":16,"column":7}},"5":{"start":{"line":12,"column":8},"end":{"line":12,"column":52}},"6":{"start":{"line":13,"column":8},"end":{"line":13,"column":69}},"7":{"start":{"line":15,"column":8},"end":{"line":15,"column":null}},"8":{"start":{"line":5,"column":13},"end":{"line":5,"column":29}}},"fnMap":{"0":{"name":"(anonymous_0)","decl":{"start":{"line":5,"column":29},"end":{"line":5,"column":30}},"loc":{"start":{"line":5,"column":61},"end":{"line":18,"column":1}}},"1":{"name":"(anonymous_1)","decl":{"start":{"line":10,"column":12},"end":{"line":10,"column":17}},"loc":{"start":{"line":10,"column":29},"end":{"line":17,"column":5}}}},"branchMap":{},"s":{"0":2,"1":2,"2":2,"3":7,"4":2,"5":2,"6":1,"7":1,"8":2},"f":{"0":7,"1":2},"b":{}}
,"/Users/manuelrodriguezsebastian/Developer/backend/Task-Tracker/src/tasks/infrastructure/cli/commands/list.ts": {"path":"/Users/manuelrodriguezsebastian/Developer/backend/Task-Tracker/src/tasks/infrastructure/cli/commands/list.ts","statementMap":{"0":{"start":{"line":1,"column":0},"end":{"line":1,"column":36}},"1":{"start":{"line":3,"column":0},"end":{"line":3,"column":83}},"2":{"start":{"line":5,"column":27},"end":{"line":24,"column":1}},"3":{"start":{"line":6,"column":2},"end":{"line":23,"column":7}},"4":{"start":{"line":10,"column":6},"end":{"line":22,"column":7}},"5":{"start":{"line":11,"column":22},"end":{"line":11,"column":56}},"6":{"start":{"line":12,"column":8},"end":{"line":15,"column":9}},"7":{"start":{"line":13,"column":10},"end":{"line":13,"column":40}},"8":{"start":{"line":14,"column":10},"end":{"line":14,"column":17}},"9":{"start":{"line":16,"column":8},"end":{"line":16,"column":32}},"10":{"start":{"line":17,"column":8},"end":{"line":19,"column":11}},"11":{"start":{"line":18,"column":10},"end":{"line":18,"column":75}},"12":{"start":{"line":21,"column":8},"end":{"line":21,"column":null}},"13":{"start":{"line":5,"column":13},"end":{"line":5,"column":27}}},"fnMap":{"0":{"name":"(anonymous_0)","decl":{"start":{"line":5,"column":27},"end":{"line":5,"column":28}},"loc":{"start":{"line":5,"column":59},"end":{"line":24,"column":1}}},"1":{"name":"(anonymous_1)","decl":{"start":{"line":9,"column":12},"end":{"line":9,"column":17}},"loc":{"start":{"line":9,"column":23},"end":{"line":23,"column":5}}},"2":{"name":"(anonymous_2)","decl":{"start":{"line":17,"column":22},"end":{"line":17,"column":23}},"loc":{"start":{"line":17,"column":31},"end":{"line":19,"column":9}}}},"branchMap":{"0":{"loc":{"start":{"line":12,"column":8},"end":{"line":15,"column":9}},"type":"if","locations":[{"start":{"line":12,"column":8},"end":{"line":15,"column":9}},{"start":{},"end":{}}]}},"s":{"0":2,"1":2,"2":2,"3":8,"4":3,"5":3,"6":2,"7":1,"8":1,"9":1,"10":1,"11":2,"12":1,"13":2},"f":{"0":8,"1":3,"2":2},"b":{"0":[1,1]}}
,"/Users/manuelrodriguezsebastian/Developer/backend/Task-Tracker/src/tasks/infrastructure/cli/commands/update.ts": {"path":"/Users/manuelrodriguezsebastian/Developer/backend/Task-Tracker/src/tasks/infrastructure/cli/commands/update.ts","statementMap":{"0":{"start":{"line":1,"column":0},"end":{"line":1,"column":36}},"1":{"start":{"line":3,"column":0},"end":{"line":3,"column":85}},"2":{"start":{"line":4,"column":0},"end":{"line":4,"column":97}},"3":{"start":{"line":5,"column":0},"end":{"line":5,"column":60}},"4":{"start":{"line":7,"column":29},"end":{"line":45,"column":1}},"5":{"start":{"line":8,"column":18},"end":{"line":10,"column":33}},"6":{"start":{"line":12,"column":2},"end":{"line":28,"column":7}},"7":{"start":{"line":18,"column":6},"end":{"line":27,"column":7}},"8":{"start":{"line":19,"column":27},"end":{"line":19,"column":47}},"9":{"start":{"line":20,"column":8},"end":{"line":22,"column":9}},"10":{"start":{"line":21,"column":10},"end":{"line":21,"column":99}},"11":{"start":{"line":23,"column":8},"end":{"line":23,"column":70}},"12":{"start":{"line":24,"column":8},"end":{"line":24,"column":56}},"13":{"start":{"line":26,"column":8},"end":{"line":26,"column":54}},"14":{"start":{"line":30,"column":2},"end":{"line":42,"column":7}},"15":{"start":{"line":36,"column":6},"end":{"line":41,"column":7}},"16":{"start":{"line":37,"column":8},"end":{"line":37,"column":63}},"17":{"start":{"line":38,"column":8},"end":{"line":38,"column":55}},"18":{"start":{"line":40,"column":8},"end":{"line":40,"column":null}},"19":{"start":{"line":44,"column":2},"end":{"line":44,"column":17}},"20":{"start":{"line":7,"column":13},"end":{"line":7,"column":29}}},"fnMap":{"0":{"name":"(anonymous_0)","decl":{"start":{"line":7,"column":29},"end":{"line":7,"column":30}},"loc":{"start":{"line":7,"column":61},"end":{"line":45,"column":1}}},"1":{"name":"(anonymous_1)","decl":{"start":{"line":17,"column":12},"end":{"line":17,"column":17}},"loc":{"start":{"line":17,"column":37},"end":{"line":28,"column":5}}},"2":{"name":"(anonymous_2)","decl":{"start":{"line":35,"column":12},"end":{"line":35,"column":17}},"loc":{"start":{"line":35,"column":36},"end":{"line":42,"column":5}}}},"branchMap":{"0":{"loc":{"start":{"line":20,"column":8},"end":{"line":22,"column":9}},"type":"if","locations":[{"start":{"line":20,"column":8},"end":{"line":22,"column":9}},{"start":{},"end":{}}]}},"s":{"0":2,"1":2,"2":2,"3":2,"4":2,"5":11,"6":11,"7":3,"8":3,"9":3,"10":1,"11":2,"12":1,"13":2,"14":11,"15":2,"16":2,"17":1,"18":1,"19":11,"20":2},"f":{"0":11,"1":3,"2":2},"b":{"0":[1,2]}}
,"/Users/manuelrodriguezsebastian/Developer/backend/Task-Tracker/src/tasks/infrastructure/persistence/json/JsonTaskRepository.ts": {"path":"/Users/manuelrodriguezsebastian/Developer/backend/Task-Tracker/src/tasks/infrastructure/persistence/json/JsonTaskRepository.ts","statementMap":{"0":{"start":{"line":3,"column":0},"end":{"line":3,"column":56}},"1":{"start":{"line":4,"column":0},"end":{"line":4,"column":36}},"2":{"start":{"line":8,"column":18},"end":{"line":8,"column":35}},"3":{"start":{"line":9,"column":16},"end":{"line":9,"column":26}},"4":{"start":{"line":11,"column":26},"end":{"line":17,"column":6}},"5":{"start":{"line":19,"column":4},"end":{"line":19,"column":24}},"6":{"start":{"line":20,"column":4},"end":{"line":20,"column":28}},"7":{"start":{"line":22,"column":4},"end":{"line":22,"column":19}},"8":{"start":{"line":26,"column":18},"end":{"line":26,"column":35}},"9":{"start":{"line":28,"column":4},"end":{"line":28,"column":79}},"10":{"start":{"line":28,"column":32},"end":{"line":28,"column":77}},"11":{"start":{"line":32,"column":18},"end":{"line":32,"column":35}},"12":{"start":{"line":33,"column":4},"end":{"line":33,"column":56}},"13":{"start":{"line":33,"column":32},"end":{"line":33,"column":46}},"14":{"start":{"line":37,"column":18},"end":{"line":37,"column":35}},"15":{"start":{"line":38,"column":22},"end":{"line":38,"column":63}},"16":{"start":{"line":38,"column":48},"end":{"line":38,"column":62}},"17":{"start":{"line":40,"column":4},"end":{"line":42,"column":5}},"18":{"start":{"line":41,"column":6},"end":{"line":41,"column":18}},"19":{"start":{"line":44,"column":30},"end":{"line":48,"column":6}},"20":{"start":{"line":50,"column":4},"end":{"line":50,"column":35}},"21":{"start":{"line":51,"column":4},"end":{"line":51,"column":28}},"22":{"start":{"line":53,"column":4},"end":{"line":53,"column":23}},"23":{"start":{"line":57,"column":4},"end":{"line":57,"column":39}},"24":{"start":{"line":61,"column":18},"end":{"line":61,"column":35}},"25":{"start":{"line":62,"column":26},"end":{"line":62,"column":38}},"26":{"start":{"line":63,"column":26},"end":{"line":63,"column":64}},"27":{"start":{"line":63,"column":49},"end":{"line":63,"column":63}},"28":{"start":{"line":65,"column":4},"end":{"line":67,"column":5}},"29":{"start":{"line":66,"column":6},"end":{"line":66,"column":19}},"30":{"start":{"line":69,"column":4},"end":{"line":69,"column":36}},"31":{"start":{"line":70,"column":4},"end":{"line":70,"column":16}},"32":{"start":{"line":6,"column":0},"end":{"line":6,"column":13}}},"fnMap":{"0":{"name":"(anonymous_0)","decl":{"start":{"line":7,"column":2},"end":{"line":7,"column":7}},"loc":{"start":{"line":7,"column":65},"end":{"line":23,"column":3}}},"1":{"name":"(anonymous_1)","decl":{"start":{"line":25,"column":2},"end":{"line":25,"column":7}},"loc":{"start":{"line":25,"column":15},"end":{"line":29,"column":3}}},"2":{"name":"(anonymous_2)","decl":{"start":{"line":28,"column":22},"end":{"line":28,"column":23}},"loc":{"start":{"line":28,"column":32},"end":{"line":28,"column":77}}},"3":{"name":"(anonymous_3)","decl":{"start":{"line":31,"column":2},"end":{"line":31,"column":7}},"loc":{"start":{"line":31,"column":27},"end":{"line":34,"column":3}}},"4":{"name":"(anonymous_4)","decl":{"start":{"line":33,"column":22},"end":{"line":33,"column":23}},"loc":{"start":{"line":33,"column":32},"end":{"line":33,"column":46}}},"5":{"name":"(anonymous_5)","decl":{"start":{"line":36,"column":2},"end":{"line":36,"column":7}},"loc":{"start":{"line":36,"column":75},"end":{"line":54,"column":3}}},"6":{"name":"(anonymous_6)","decl":{"start":{"line":38,"column":38},"end":{"line":38,"column":39}},"loc":{"start":{"line":38,"column":48},"end":{"line":38,"column":62}}},"7":{"name":"(anonymous_7)","decl":{"start":{"line":56,"column":2},"end":{"line":56,"column":7}},"loc":{"start":{"line":56,"column":51},"end":{"line":58,"column":3}}},"8":{"name":"(anonymous_8)","decl":{"start":{"line":60,"column":2},"end":{"line":60,"column":7}},"loc":{"start":{"line":60,"column":25},"end":{"line":71,"column":3}}},"9":{"name":"(anonymous_9)","decl":{"start":{"line":63,"column":39},"end":{"line":63,"column":40}},"loc":{"start":{"line":63,"column":49},"end":{"line":63,"column":63}}}},"branchMap":{"0":{"loc":{"start":{"line":33,"column":11},"end":{"line":33,"column":55}},"type":"binary-expr","locations":[{"start":{"line":33,"column":11},"end":{"line":33,"column":47}},{"start":{"line":33,"column":51},"end":{"line":33,"column":55}}]},"1":{"loc":{"start":{"line":40,"column":4},"end":{"line":42,"column":5}},"type":"if","locations":[{"start":{"line":40,"column":4},"end":{"line":42,"column":5}},{"start":{},"end":{}}]},"2":{"loc":{"start":{"line":65,"column":4},"end":{"line":67,"column":5}},"type":"if","locations":[{"start":{"line":65,"column":4},"end":{"line":67,"column":5}},{"start":{},"end":{}}]}},"s":{"0":1,"1":1,"2":2,"3":2,"4":2,"5":2,"6":2,"7":2,"8":1,"9":1,"10":1,"11":2,"12":2,"13":1,"14":6,"15":6,"16":4,"17":6,"18":2,"19":4,"20":4,"21":4,"22":4,"23":2,"24":2,"25":2,"26":2,"27":1,"28":2,"29":1,"30":1,"31":1,"32":1},"f":{"0":2,"1":1,"2":1,"3":2,"4":1,"5":6,"6":4,"7":2,"8":2,"9":1},"b":{"0":[2,1],"1":[2,4],"2":[1,1]}}
}
