{"/Users/manuelrodriguezsebastian/Developer/backend/Task-Tracker/src/tasks/application/use-cases/AddTaskUseCase.ts": {"path":"/Users/manuelrodriguezsebastian/Developer/backend/Task-Tracker/src/tasks/application/use-cases/AddTaskUseCase.ts","statementMap":{"0":{"start":{"line":2,"column":0},"end":{"line":2,"column":57}},"1":{"start":{"line":4,"column":30},"end":{"line":12,"column":1}},"2":{"start":{"line":8,"column":2},"end":{"line":11,"column":5}},"3":{"start":{"line":4,"column":13},"end":{"line":4,"column":30}}},"fnMap":{"0":{"name":"(anonymous_0)","decl":{"start":{"line":4,"column":30},"end":{"line":4,"column":35}},"loc":{"start":{"line":7,"column":19},"end":{"line":12,"column":1}}}},"branchMap":{},"s":{"0":3,"1":3,"2":6,"3":3},"f":{"0":6},"b":{}}
,"/Users/manuelrodriguezsebastian/Developer/backend/Task-Tracker/src/tasks/application/use-cases/ChangeTaskStatusUseCase.ts": {"path":"/Users/manuelrodriguezsebastian/Developer/backend/Task-Tracker/src/tasks/application/use-cases/ChangeTaskStatusUseCase.ts","statementMap":{"0":{"start":{"line":4,"column":39},"end":{"line":13,"column":1}},"1":{"start":{"line":9,"column":15},"end":{"line":9,"column":60}},"2":{"start":{"line":10,"column":2},"end":{"line":12,"column":3}},"3":{"start":{"line":11,"column":4},"end":{"line":11,"column":56}},"4":{"start":{"line":4,"column":13},"end":{"line":4,"column":39}}},"fnMap":{"0":{"name":"(anonymous_0)","decl":{"start":{"line":4,"column":39},"end":{"line":4,"column":44}},"loc":{"start":{"line":8,"column":19},"end":{"line":13,"column":1}}}},"branchMap":{"0":{"loc":{"start":{"line":10,"column":2},"end":{"line":12,"column":3}},"type":"if","locations":[{"start":{"line":10,"column":2},"end":{"line":12,"column":3}},{"start":{},"end":{}}]}},"s":{"0":1,"1":4,"2":4,"3":1,"4":1},"f":{"0":4},"b":{"0":[1,3]}}
,"/Users/manuelrodriguezsebastian/Developer/backend/Task-Tracker/src/tasks/application/use-cases/DeleteTaskUseCase.ts": {"path":"/Users/manuelrodriguezsebastian/Developer/backend/Task-Tracker/src/tasks/application/use-cases/DeleteTaskUseCase.ts","statementMap":{"0":{"start":{"line":3,"column":33},"end":{"line":11,"column":1}},"1":{"start":{"line":7,"column":18},"end":{"line":7,"column":49}},"2":{"start":{"line":8,"column":2},"end":{"line":10,"column":3}},"3":{"start":{"line":9,"column":4},"end":{"line":9,"column":56}},"4":{"start":{"line":3,"column":13},"end":{"line":3,"column":33}}},"fnMap":{"0":{"name":"(anonymous_0)","decl":{"start":{"line":3,"column":33},"end":{"line":3,"column":38}},"loc":{"start":{"line":6,"column":19},"end":{"line":11,"column":1}}}},"branchMap":{"0":{"loc":{"start":{"line":8,"column":2},"end":{"line":10,"column":3}},"type":"if","locations":[{"start":{"line":8,"column":2},"end":{"line":10,"column":3}},{"start":{},"end":{}}]}},"s":{"0":3,"1":5,"2":4,"3":1,"4":3},"f":{"0":5},"b":{"0":[1,3]}}
,"/Users/manuelrodriguezsebastian/Developer/backend/Task-Tracker/src/tasks/application/use-cases/ListTasksUseCase.ts": {"path":"/Users/manuelrodriguezsebastian/Developer/backend/Task-Tracker/src/tasks/application/use-cases/ListTasksUseCase.ts","statementMap":{"0":{"start":{"line":4,"column":32},"end":{"line":6,"column":1}},"1":{"start":{"line":5,"column":2},"end":{"line":5,"column":42}},"2":{"start":{"line":4,"column":13},"end":{"line":4,"column":32}}},"fnMap":{"0":{"name":"(anonymous_0)","decl":{"start":{"line":4,"column":32},"end":{"line":4,"column":37}},"loc":{"start":{"line":4,"column":108},"end":{"line":6,"column":1}}}},"branchMap":{},"s":{"0":3,"1":6,"2":3},"f":{"0":6},"b":{}}
,"/Users/manuelrodriguezsebastian/Developer/backend/Task-Tracker/src/tasks/application/use-cases/UpdateTaskStatusUseCase.ts": {"path":"/Users/manuelrodriguezsebastian/Developer/backend/Task-Tracker/src/tasks/application/use-cases/UpdateTaskStatusUseCase.ts","statementMap":{"0":{"start":{"line":4,"column":39},"end":{"line":9,"column":1}},"1":{"start":{"line":5,"column":15},"end":{"line":5,"column":60}},"2":{"start":{"line":6,"column":2},"end":{"line":8,"column":3}},"3":{"start":{"line":7,"column":4},"end":{"line":7,"column":56}},"4":{"start":{"line":4,"column":13},"end":{"line":4,"column":39}}},"fnMap":{"0":{"name":"(anonymous_0)","decl":{"start":{"line":4,"column":39},"end":{"line":4,"column":44}},"loc":{"start":{"line":4,"column":128},"end":{"line":9,"column":1}}}},"branchMap":{"0":{"loc":{"start":{"line":6,"column":2},"end":{"line":8,"column":3}},"type":"if","locations":[{"start":{"line":6,"column":2},"end":{"line":8,"column":3}},{"start":{},"end":{}}]}},"s":{"0":3,"1":8,"2":6,"3":1,"4":3},"f":{"0":8},"b":{"0":[1,5]}}
,"/Users/manuelrodriguezsebastian/Developer/backend/Task-Tracker/src/tasks/application/use-cases/UpdateTaskTitleUseCase.ts": {"path":"/Users/manuelrodriguezsebastian/Developer/backend/Task-Tracker/src/tasks/application/use-cases/UpdateTaskTitleUseCase.ts","statementMap":{"0":{"start":{"line":3,"column":38},"end":{"line":12,"column":1}},"1":{"start":{"line":8,"column":15},"end":{"line":8,"column":55}},"2":{"start":{"line":9,"column":2},"end":{"line":11,"column":3}},"3":{"start":{"line":10,"column":4},"end":{"line":10,"column":56}},"4":{"start":{"line":3,"column":13},"end":{"line":3,"column":38}}},"fnMap":{"0":{"name":"(anonymous_0)","decl":{"start":{"line":3,"column":38},"end":{"line":3,"column":43}},"loc":{"start":{"line":7,"column":19},"end":{"line":12,"column":1}}}},"branchMap":{"0":{"loc":{"start":{"line":9,"column":2},"end":{"line":11,"column":3}},"type":"if","locations":[{"start":{"line":9,"column":2},"end":{"line":11,"column":3}},{"start":{},"end":{}}]}},"s":{"0":3,"1":4,"2":3,"3":1,"4":3},"f":{"0":4},"b":{"0":[1,2]}}
,"/Users/manuelrodriguezsebastian/Developer/backend/Task-Tracker/src/tasks/domain/Task.interface.ts": {"path":"/Users/manuelrodriguezsebastian/Developer/backend/Task-Tracker/src/tasks/domain/Task.interface.ts","statementMap":{"0":{"start":{"line":9,"column":0},"end":{"line":9,"column":null}},"1":{"start":{"line":10,"column":2},"end":{"line":10,"column":null}},"2":{"start":{"line":11,"column":2},"end":{"line":11,"column":null}},"3":{"start":{"line":12,"column":2},"end":{"line":12,"column":null}}},"fnMap":{"0":{"name":"(anonymous_0)","decl":{"start":{"line":9,"column":0},"end":{"line":9,"column":12}},"loc":{"start":{"line":9,"column":22},"end":{"line":13,"column":1}}}},"branchMap":{"0":{"loc":{"start":{"line":9,"column":12},"end":{"line":9,"column":null}},"type":"binary-expr","locations":[{"start":{"line":9,"column":12},"end":{"line":9,"column":22}},{"start":{"line":9,"column":22},"end":{"line":9,"column":null}}]}},"s":{"0":14,"1":14,"2":14,"3":14},"f":{"0":14},"b":{"0":[14,14]}}
,"/Users/manuelrodriguezsebastian/Developer/backend/Task-Tracker/src/tasks/infrastructure/cli/commands/add.ts": {"path":"/Users/manuelrodriguezsebastian/Developer/backend/Task-Tracker/src/tasks/infrastructure/cli/commands/add.ts","statementMap":{"0":{"start":{"line":1,"column":0},"end":{"line":1,"column":36}},"1":{"start":{"line":3,"column":0},"end":{"line":3,"column":79}},"2":{"start":{"line":5,"column":26},"end":{"line":18,"column":1}},"3":{"start":{"line":6,"column":2},"end":{"line":17,"column":7}},"4":{"start":{"line":11,"column":6},"end":{"line":16,"column":7}},"5":{"start":{"line":12,"column":8},"end":{"line":12,"column":47}},"6":{"start":{"line":13,"column":8},"end":{"line":13,"column":64}},"7":{"start":{"line":15,"column":8},"end":{"line":15,"column":null}},"8":{"start":{"line":5,"column":13},"end":{"line":5,"column":26}}},"fnMap":{"0":{"name":"(anonymous_0)","decl":{"start":{"line":5,"column":26},"end":{"line":5,"column":27}},"loc":{"start":{"line":5,"column":58},"end":{"line":18,"column":1}}},"1":{"name":"(anonymous_1)","decl":{"start":{"line":10,"column":12},"end":{"line":10,"column":17}},"loc":{"start":{"line":10,"column":27},"end":{"line":17,"column":5}}}},"branchMap":{},"s":{"0":2,"1":2,"2":2,"3":7,"4":2,"5":2,"6":1,"7":1,"8":2},"f":{"0":7,"1":2},"b":{}}
,"/Users/manuelrodriguezsebastian/Developer/backend/Task-Tracker/src/tasks/infrastructure/cli/commands/delete.ts": {"path":"/Users/manuelrodriguezsebastian/Developer/backend/Task-Tracker/src/tasks/infrastructure/cli/commands/delete.ts","statementMap":{"0":{"start":{"line":1,"column":0},"end":{"line":1,"column":36}},"1":{"start":{"line":3,"column":0},"end":{"line":3,"column":85}},"2":{"start":{"line":5,"column":29},"end":{"line":18,"column":1}},"3":{"start":{"line":6,"column":2},"end":{"line":17,"column":7}},"4":{"start":{"line":11,"column":6},"end":{"line":16,"column":7}},"5":{"start":{"line":12,"column":8},"end":{"line":12,"column":52}},"6":{"start":{"line":13,"column":8},"end":{"line":13,"column":69}},"7":{"start":{"line":15,"column":8},"end":{"line":15,"column":null}},"8":{"start":{"line":5,"column":13},"end":{"line":5,"column":29}}},"fnMap":{"0":{"name":"(anonymous_0)","decl":{"start":{"line":5,"column":29},"end":{"line":5,"column":30}},"loc":{"start":{"line":5,"column":61},"end":{"line":18,"column":1}}},"1":{"name":"(anonymous_1)","decl":{"start":{"line":10,"column":12},"end":{"line":10,"column":17}},"loc":{"start":{"line":10,"column":29},"end":{"line":17,"column":5}}}},"branchMap":{},"s":{"0":2,"1":2,"2":2,"3":7,"4":2,"5":2,"6":1,"7":1,"8":2},"f":{"0":7,"1":2},"b":{}}
,"/Users/manuelrodriguezsebastian/Developer/backend/Task-Tracker/src/tasks/infrastructure/cli/commands/list.ts": {"path":"/Users/manuelrodriguezsebastian/Developer/backend/Task-Tracker/src/tasks/infrastructure/cli/commands/list.ts","statementMap":{"0":{"start":{"line":1,"column":0},"end":{"line":1,"column":36}},"1":{"start":{"line":3,"column":0},"end":{"line":3,"column":83}},"2":{"start":{"line":5,"column":27},"end":{"line":25,"column":1}},"3":{"start":{"line":6,"column":2},"end":{"line":24,"column":7}},"4":{"start":{"line":11,"column":6},"end":{"line":23,"column":7}},"5":{"start":{"line":12,"column":22},"end":{"line":12,"column":64}},"6":{"start":{"line":13,"column":8},"end":{"line":16,"column":9}},"7":{"start":{"line":14,"column":10},"end":{"line":14,"column":40}},"8":{"start":{"line":15,"column":10},"end":{"line":15,"column":17}},"9":{"start":{"line":17,"column":8},"end":{"line":17,"column":32}},"10":{"start":{"line":18,"column":8},"end":{"line":20,"column":11}},"11":{"start":{"line":19,"column":10},"end":{"line":19,"column":75}},"12":{"start":{"line":22,"column":8},"end":{"line":22,"column":null}},"13":{"start":{"line":5,"column":13},"end":{"line":5,"column":27}}},"fnMap":{"0":{"name":"(anonymous_0)","decl":{"start":{"line":5,"column":27},"end":{"line":5,"column":28}},"loc":{"start":{"line":5,"column":59},"end":{"line":25,"column":1}}},"1":{"name":"(anonymous_1)","decl":{"start":{"line":10,"column":12},"end":{"line":10,"column":17}},"loc":{"start":{"line":10,"column":29},"end":{"line":24,"column":5}}},"2":{"name":"(anonymous_2)","decl":{"start":{"line":18,"column":22},"end":{"line":18,"column":23}},"loc":{"start":{"line":18,"column":31},"end":{"line":20,"column":9}}}},"branchMap":{"0":{"loc":{"start":{"line":13,"column":8},"end":{"line":16,"column":9}},"type":"if","locations":[{"start":{"line":13,"column":8},"end":{"line":16,"column":9}},{"start":{},"end":{}}]}},"s":{"0":2,"1":2,"2":2,"3":8,"4":3,"5":3,"6":2,"7":1,"8":1,"9":1,"10":1,"11":2,"12":1,"13":2},"f":{"0":8,"1":3,"2":2},"b":{"0":[1,1]}}
,"/Users/manuelrodriguezsebastian/Developer/backend/Task-Tracker/src/tasks/infrastructure/cli/commands/mark-done.ts": {"path":"/Users/manuelrodriguezsebastian/Developer/backend/Task-Tracker/src/tasks/infrastructure/cli/commands/mark-done.ts","statementMap":{"0":{"start":{"line":1,"column":0},"end":{"line":1,"column":36}},"1":{"start":{"line":3,"column":0},"end":{"line":3,"column":96}},"2":{"start":{"line":4,"column":0},"end":{"line":4,"column":59}},"3":{"start":{"line":6,"column":31},"end":{"line":19,"column":1}},"4":{"start":{"line":7,"column":2},"end":{"line":18,"column":7}},"5":{"start":{"line":12,"column":6},"end":{"line":17,"column":7}},"6":{"start":{"line":13,"column":8},"end":{"line":13,"column":75}},"7":{"start":{"line":14,"column":8},"end":{"line":14,"column":56}},"8":{"start":{"line":16,"column":8},"end":{"line":16,"column":null}},"9":{"start":{"line":6,"column":13},"end":{"line":6,"column":31}}},"fnMap":{"0":{"name":"(anonymous_0)","decl":{"start":{"line":6,"column":31},"end":{"line":6,"column":32}},"loc":{"start":{"line":6,"column":63},"end":{"line":19,"column":1}}},"1":{"name":"(anonymous_1)","decl":{"start":{"line":11,"column":12},"end":{"line":11,"column":17}},"loc":{"start":{"line":11,"column":29},"end":{"line":18,"column":5}}}},"branchMap":{},"s":{"0":1,"1":1,"2":1,"3":1,"4":3,"5":2,"6":2,"7":1,"8":1,"9":1},"f":{"0":3,"1":2},"b":{}}
,"/Users/manuelrodriguezsebastian/Developer/backend/Task-Tracker/src/tasks/infrastructure/cli/commands/mark-in-progress.ts": {"path":"/Users/manuelrodriguezsebastian/Developer/backend/Task-Tracker/src/tasks/infrastructure/cli/commands/mark-in-progress.ts","statementMap":{"0":{"start":{"line":1,"column":0},"end":{"line":1,"column":36}},"1":{"start":{"line":3,"column":0},"end":{"line":3,"column":96}},"2":{"start":{"line":4,"column":0},"end":{"line":4,"column":59}},"3":{"start":{"line":6,"column":37},"end":{"line":19,"column":1}},"4":{"start":{"line":7,"column":2},"end":{"line":18,"column":7}},"5":{"start":{"line":12,"column":6},"end":{"line":17,"column":7}},"6":{"start":{"line":13,"column":8},"end":{"line":13,"column":82}},"7":{"start":{"line":14,"column":8},"end":{"line":14,"column":63}},"8":{"start":{"line":16,"column":8},"end":{"line":16,"column":null}},"9":{"start":{"line":6,"column":13},"end":{"line":6,"column":37}}},"fnMap":{"0":{"name":"(anonymous_0)","decl":{"start":{"line":6,"column":37},"end":{"line":6,"column":38}},"loc":{"start":{"line":6,"column":69},"end":{"line":19,"column":1}}},"1":{"name":"(anonymous_1)","decl":{"start":{"line":11,"column":12},"end":{"line":11,"column":17}},"loc":{"start":{"line":11,"column":29},"end":{"line":18,"column":5}}}},"branchMap":{},"s":{"0":1,"1":1,"2":1,"3":1,"4":3,"5":2,"6":2,"7":1,"8":1,"9":1},"f":{"0":3,"1":2},"b":{}}
,"/Users/manuelrodriguezsebastian/Developer/backend/Task-Tracker/src/tasks/infrastructure/cli/commands/update.ts": {"path":"/Users/manuelrodriguezsebastian/Developer/backend/Task-Tracker/src/tasks/infrastructure/cli/commands/update.ts","statementMap":{"0":{"start":{"line":1,"column":0},"end":{"line":1,"column":36}},"1":{"start":{"line":3,"column":0},"end":{"line":3,"column":95}},"2":{"start":{"line":5,"column":29},"end":{"line":19,"column":1}},"3":{"start":{"line":6,"column":2},"end":{"line":18,"column":7}},"4":{"start":{"line":12,"column":6},"end":{"line":17,"column":7}},"5":{"start":{"line":13,"column":8},"end":{"line":13,"column":68}},"6":{"start":{"line":14,"column":8},"end":{"line":14,"column":55}},"7":{"start":{"line":16,"column":8},"end":{"line":16,"column":null}},"8":{"start":{"line":5,"column":13},"end":{"line":5,"column":29}}},"fnMap":{"0":{"name":"(anonymous_0)","decl":{"start":{"line":5,"column":29},"end":{"line":5,"column":30}},"loc":{"start":{"line":5,"column":61},"end":{"line":19,"column":1}}},"1":{"name":"(anonymous_1)","decl":{"start":{"line":11,"column":12},"end":{"line":11,"column":17}},"loc":{"start":{"line":11,"column":36},"end":{"line":18,"column":5}}}},"branchMap":{},"s":{"0":2,"1":2,"2":2,"3":7,"4":2,"5":2,"6":1,"7":1,"8":2},"f":{"0":7,"1":2},"b":{}}
,"/Users/manuelrodriguezsebastian/Developer/backend/Task-Tracker/src/tasks/infrastructure/persistence/json/JsonTaskRepository.ts": {"path":"/Users/manuelrodriguezsebastian/Developer/backend/Task-Tracker/src/tasks/infrastructure/persistence/json/JsonTaskRepository.ts","statementMap":{"0":{"start":{"line":3,"column":0},"end":{"line":3,"column":56}},"1":{"start":{"line":4,"column":0},"end":{"line":4,"column":36}},"2":{"start":{"line":8,"column":18},"end":{"line":8,"column":35}},"3":{"start":{"line":9,"column":16},"end":{"line":9,"column":26}},"4":{"start":{"line":11,"column":26},"end":{"line":17,"column":6}},"5":{"start":{"line":19,"column":4},"end":{"line":19,"column":24}},"6":{"start":{"line":20,"column":4},"end":{"line":20,"column":28}},"7":{"start":{"line":22,"column":4},"end":{"line":22,"column":19}},"8":{"start":{"line":26,"column":18},"end":{"line":26,"column":35}},"9":{"start":{"line":28,"column":4},"end":{"line":30,"column":69}},"10":{"start":{"line":29,"column":24},"end":{"line":29,"column":62}},"11":{"start":{"line":30,"column":22},"end":{"line":30,"column":67}},"12":{"start":{"line":34,"column":18},"end":{"line":34,"column":35}},"13":{"start":{"line":35,"column":4},"end":{"line":35,"column":56}},"14":{"start":{"line":35,"column":32},"end":{"line":35,"column":46}},"15":{"start":{"line":39,"column":18},"end":{"line":39,"column":35}},"16":{"start":{"line":40,"column":22},"end":{"line":40,"column":63}},"17":{"start":{"line":40,"column":48},"end":{"line":40,"column":62}},"18":{"start":{"line":42,"column":4},"end":{"line":44,"column":5}},"19":{"start":{"line":43,"column":6},"end":{"line":43,"column":18}},"20":{"start":{"line":46,"column":30},"end":{"line":50,"column":6}},"21":{"start":{"line":52,"column":4},"end":{"line":52,"column":35}},"22":{"start":{"line":53,"column":4},"end":{"line":53,"column":28}},"23":{"start":{"line":55,"column":4},"end":{"line":55,"column":23}},"24":{"start":{"line":59,"column":4},"end":{"line":59,"column":39}},"25":{"start":{"line":63,"column":18},"end":{"line":63,"column":35}},"26":{"start":{"line":64,"column":26},"end":{"line":64,"column":38}},"27":{"start":{"line":65,"column":26},"end":{"line":65,"column":64}},"28":{"start":{"line":65,"column":49},"end":{"line":65,"column":63}},"29":{"start":{"line":67,"column":4},"end":{"line":69,"column":5}},"30":{"start":{"line":68,"column":6},"end":{"line":68,"column":19}},"31":{"start":{"line":71,"column":4},"end":{"line":71,"column":36}},"32":{"start":{"line":72,"column":4},"end":{"line":72,"column":16}},"33":{"start":{"line":6,"column":0},"end":{"line":6,"column":13}}},"fnMap":{"0":{"name":"(anonymous_0)","decl":{"start":{"line":7,"column":2},"end":{"line":7,"column":7}},"loc":{"start":{"line":7,"column":65},"end":{"line":23,"column":3}}},"1":{"name":"(anonymous_1)","decl":{"start":{"line":25,"column":2},"end":{"line":25,"column":7}},"loc":{"start":{"line":25,"column":35},"end":{"line":31,"column":3}}},"2":{"name":"(anonymous_2)","decl":{"start":{"line":29,"column":14},"end":{"line":29,"column":15}},"loc":{"start":{"line":29,"column":24},"end":{"line":29,"column":62}}},"3":{"name":"(anonymous_3)","decl":{"start":{"line":30,"column":12},"end":{"line":30,"column":13}},"loc":{"start":{"line":30,"column":22},"end":{"line":30,"column":67}}},"4":{"name":"(anonymous_4)","decl":{"start":{"line":33,"column":2},"end":{"line":33,"column":7}},"loc":{"start":{"line":33,"column":27},"end":{"line":36,"column":3}}},"5":{"name":"(anonymous_5)","decl":{"start":{"line":35,"column":22},"end":{"line":35,"column":23}},"loc":{"start":{"line":35,"column":32},"end":{"line":35,"column":46}}},"6":{"name":"(anonymous_6)","decl":{"start":{"line":38,"column":2},"end":{"line":38,"column":7}},"loc":{"start":{"line":38,"column":75},"end":{"line":56,"column":3}}},"7":{"name":"(anonymous_7)","decl":{"start":{"line":40,"column":38},"end":{"line":40,"column":39}},"loc":{"start":{"line":40,"column":48},"end":{"line":40,"column":62}}},"8":{"name":"(anonymous_8)","decl":{"start":{"line":58,"column":2},"end":{"line":58,"column":7}},"loc":{"start":{"line":58,"column":51},"end":{"line":60,"column":3}}},"9":{"name":"(anonymous_9)","decl":{"start":{"line":62,"column":2},"end":{"line":62,"column":7}},"loc":{"start":{"line":62,"column":25},"end":{"line":73,"column":3}}},"10":{"name":"(anonymous_10)","decl":{"start":{"line":65,"column":39},"end":{"line":65,"column":40}},"loc":{"start":{"line":65,"column":49},"end":{"line":65,"column":63}}}},"branchMap":{"0":{"loc":{"start":{"line":29,"column":24},"end":{"line":29,"column":62}},"type":"cond-expr","locations":[{"start":{"line":29,"column":33},"end":{"line":29,"column":55}},{"start":{"line":29,"column":58},"end":{"line":29,"column":62}}]},"1":{"loc":{"start":{"line":35,"column":11},"end":{"line":35,"column":55}},"type":"binary-expr","locations":[{"start":{"line":35,"column":11},"end":{"line":35,"column":47}},{"start":{"line":35,"column":51},"end":{"line":35,"column":55}}]},"2":{"loc":{"start":{"line":42,"column":4},"end":{"line":44,"column":5}},"type":"if","locations":[{"start":{"line":42,"column":4},"end":{"line":44,"column":5}},{"start":{},"end":{}}]},"3":{"loc":{"start":{"line":67,"column":4},"end":{"line":69,"column":5}},"type":"if","locations":[{"start":{"line":67,"column":4},"end":{"line":69,"column":5}},{"start":{},"end":{}}]}},"s":{"0":1,"1":1,"2":2,"3":2,"4":2,"5":2,"6":2,"7":2,"8":6,"9":6,"10":19,"11":8,"12":2,"13":2,"14":1,"15":6,"16":6,"17":4,"18":6,"19":2,"20":4,"21":4,"22":4,"23":4,"24":2,"25":2,"26":2,"27":2,"28":1,"29":2,"30":1,"31":1,"32":1,"33":1},"f":{"0":2,"1":6,"2":19,"3":8,"4":2,"5":1,"6":6,"7":4,"8":2,"9":2,"10":1},"b":{"0":[17,2],"1":[2,1],"2":[2,4],"3":[1,1]}}
}
