TN:
SF:src/tasks/application/use-cases/AddTaskUseCase.ts
FN:4,(anonymous_0)
FNF:1
FNH:1
FNDA:6,(anonymous_0)
DA:2,3
DA:4,3
DA:8,6
LF:3
LH:3
BRF:0
BRH:0
end_of_record
TN:
SF:src/tasks/application/use-cases/ChangeTaskStatusUseCase.ts
FN:4,(anonymous_0)
FNF:1
FNH:1
FNDA:4,(anonymous_0)
DA:4,1
DA:9,4
DA:10,4
DA:11,1
LF:4
LH:4
BRDA:10,0,0,1
BRDA:10,0,1,3
BRF:2
BRH:2
end_of_record
TN:
SF:src/tasks/application/use-cases/DeleteTaskUseCase.ts
FN:3,(anonymous_0)
FNF:1
FNH:1
FNDA:5,(anonymous_0)
DA:3,3
DA:7,5
DA:8,4
DA:9,1
LF:4
LH:4
BRDA:8,0,0,1
BRDA:8,0,1,3
BRF:2
BRH:2
end_of_record
TN:
SF:src/tasks/application/use-cases/ListTasksUseCase.ts
FN:4,(anonymous_0)
FNF:1
FNH:1
FNDA:6,(anonymous_0)
DA:4,3
DA:5,6
LF:2
LH:2
BRF:0
BRH:0
end_of_record
TN:
SF:src/tasks/application/use-cases/UpdateTaskStatusUseCase.ts
FN:4,(anonymous_0)
FNF:1
FNH:1
FNDA:8,(anonymous_0)
DA:4,3
DA:5,8
DA:6,6
DA:7,1
LF:4
LH:4
BRDA:6,0,0,1
BRDA:6,0,1,5
BRF:2
BRH:2
end_of_record
TN:
SF:src/tasks/application/use-cases/UpdateTaskTitleUseCase.ts
FN:3,(anonymous_0)
FNF:1
FNH:1
FNDA:4,(anonymous_0)
DA:3,3
DA:8,4
DA:9,3
DA:10,1
LF:4
LH:4
BRDA:9,0,0,1
BRDA:9,0,1,2
BRF:2
BRH:2
end_of_record
TN:
SF:src/tasks/domain/Task.interface.ts
FN:9,(anonymous_0)
FNF:1
FNH:1
FNDA:14,(anonymous_0)
DA:9,14
DA:10,14
DA:11,14
DA:12,14
LF:4
LH:4
BRDA:9,0,0,14
BRDA:9,0,1,14
BRF:2
BRH:2
end_of_record
TN:
SF:src/tasks/infrastructure/cli/commands/add.ts
FN:5,(anonymous_0)
FN:10,(anonymous_1)
FNF:2
FNH:2
FNDA:7,(anonymous_0)
FNDA:2,(anonymous_1)
DA:1,2
DA:3,2
DA:5,2
DA:6,7
DA:11,2
DA:12,2
DA:13,1
DA:15,1
LF:8
LH:8
BRF:0
BRH:0
end_of_record
TN:
SF:src/tasks/infrastructure/cli/commands/delete.ts
FN:5,(anonymous_0)
FN:10,(anonymous_1)
FNF:2
FNH:2
FNDA:7,(anonymous_0)
FNDA:2,(anonymous_1)
DA:1,2
DA:3,2
DA:5,2
DA:6,7
DA:11,2
DA:12,2
DA:13,1
DA:15,1
LF:8
LH:8
BRF:0
BRH:0
end_of_record
TN:
SF:src/tasks/infrastructure/cli/commands/list.ts
FN:5,(anonymous_0)
FN:10,(anonymous_1)
FN:18,(anonymous_2)
FNF:3
FNH:3
FNDA:8,(anonymous_0)
FNDA:3,(anonymous_1)
FNDA:2,(anonymous_2)
DA:1,2
DA:3,2
DA:5,2
DA:6,8
DA:11,3
DA:12,3
DA:13,2
DA:14,1
DA:15,1
DA:17,1
DA:18,1
DA:19,2
DA:22,1
LF:13
LH:13
BRDA:13,0,0,1
BRDA:13,0,1,1
BRF:2
BRH:2
end_of_record
TN:
SF:src/tasks/infrastructure/cli/commands/mark-done.ts
FN:6,(anonymous_0)
FN:11,(anonymous_1)
FNF:2
FNH:2
FNDA:3,(anonymous_0)
FNDA:2,(anonymous_1)
DA:1,1
DA:3,1
DA:4,1
DA:6,1
DA:7,3
DA:12,2
DA:13,2
DA:14,1
DA:16,1
LF:9
LH:9
BRF:0
BRH:0
end_of_record
TN:
SF:src/tasks/infrastructure/cli/commands/mark-in-progress.ts
FN:6,(anonymous_0)
FN:11,(anonymous_1)
FNF:2
FNH:2
FNDA:3,(anonymous_0)
FNDA:2,(anonymous_1)
DA:1,1
DA:3,1
DA:4,1
DA:6,1
DA:7,3
DA:12,2
DA:13,2
DA:14,1
DA:16,1
LF:9
LH:9
BRF:0
BRH:0
end_of_record
TN:
SF:src/tasks/infrastructure/cli/commands/update.ts
FN:5,(anonymous_0)
FN:11,(anonymous_1)
FNF:2
FNH:2
FNDA:7,(anonymous_0)
FNDA:2,(anonymous_1)
DA:1,2
DA:3,2
DA:5,2
DA:6,7
DA:12,2
DA:13,2
DA:14,1
DA:16,1
LF:8
LH:8
BRF:0
BRH:0
end_of_record
TN:
SF:src/tasks/infrastructure/persistence/json/JsonTaskRepository.ts
FN:7,(anonymous_0)
FN:25,(anonymous_1)
FN:29,(anonymous_2)
FN:30,(anonymous_3)
FN:33,(anonymous_4)
FN:35,(anonymous_5)
FN:38,(anonymous_6)
FN:40,(anonymous_7)
FN:58,(anonymous_8)
FN:62,(anonymous_9)
FN:65,(anonymous_10)
FNF:11
FNH:11
FNDA:2,(anonymous_0)
FNDA:6,(anonymous_1)
FNDA:19,(anonymous_2)
FNDA:8,(anonymous_3)
FNDA:2,(anonymous_4)
FNDA:1,(anonymous_5)
FNDA:6,(anonymous_6)
FNDA:4,(anonymous_7)
FNDA:2,(anonymous_8)
FNDA:2,(anonymous_9)
FNDA:1,(anonymous_10)
DA:3,1
DA:4,1
DA:6,1
DA:8,2
DA:9,2
DA:11,2
DA:19,2
DA:20,2
DA:22,2
DA:26,6
DA:28,6
DA:29,19
DA:30,8
DA:34,2
DA:35,2
DA:39,6
DA:40,6
DA:42,6
DA:43,2
DA:46,4
DA:52,4
DA:53,4
DA:55,4
DA:59,2
DA:63,2
DA:64,2
DA:65,2
DA:67,2
DA:68,1
DA:71,1
DA:72,1
LF:31
LH:31
BRDA:29,0,0,17
BRDA:29,0,1,2
BRDA:35,1,0,2
BRDA:35,1,1,1
BRDA:42,2,0,2
BRDA:42,2,1,4
BRDA:67,3,0,1
BRDA:67,3,1,1
BRF:8
BRH:8
end_of_record
