TN:
SF:src/tasks/application/use-cases/AddTaskUseCase.ts
FN:4,(anonymous_0)
FNF:1
FNH:1
FNDA:6,(anonymous_0)
DA:2,3
DA:4,3
DA:8,6
LF:3
LH:3
BRF:0
BRH:0
end_of_record
TN:
SF:src/tasks/application/use-cases/ChangeTaskStatusUseCase.ts
FN:4,(anonymous_0)
FNF:1
FNH:1
FNDA:6,(anonymous_0)
DA:4,3
DA:9,6
DA:10,5
DA:11,1
LF:4
LH:4
BRDA:10,0,0,1
BRDA:10,0,1,4
BRF:2
BRH:2
end_of_record
TN:
SF:src/tasks/application/use-cases/DeleteTaskUseCase.ts
FN:3,(anonymous_0)
FNF:1
FNH:1
FNDA:5,(anonymous_0)
DA:3,3
DA:7,5
DA:8,4
DA:9,1
LF:4
LH:4
BRDA:8,0,0,1
BRDA:8,0,1,3
BRF:2
BRH:2
end_of_record
TN:
SF:src/tasks/application/use-cases/ListTasksUseCase.ts
FN:4,(anonymous_0)
FNF:1
FNH:1
FNDA:6,(anonymous_0)
DA:4,3
DA:5,6
LF:2
LH:2
BRF:0
BRH:0
end_of_record
TN:
SF:src/tasks/application/use-cases/UpdateTaskUseCase.ts
FN:4,(anonymous_0)
FNF:1
FNH:1
FNDA:6,(anonymous_0)
DA:4,3
DA:9,6
DA:10,5
DA:11,1
LF:4
LH:4
BRDA:10,0,0,1
BRDA:10,0,1,4
BRF:2
BRH:2
end_of_record
TN:
SF:src/tasks/domain/Task.interface.ts
FN:9,(anonymous_0)
FNF:1
FNH:1
FNDA:11,(anonymous_0)
DA:9,11
DA:10,11
DA:11,11
DA:12,11
DA:13,11
LF:5
LH:5
BRDA:9,0,0,11
BRDA:9,0,1,11
BRF:2
BRH:2
end_of_record
TN:
SF:src/tasks/infrastructure/cli/commands/add.ts
FN:5,(anonymous_0)
FN:10,(anonymous_1)
FNF:2
FNH:2
FNDA:7,(anonymous_0)
FNDA:2,(anonymous_1)
DA:1,2
DA:3,2
DA:5,2
DA:6,7
DA:11,2
DA:12,2
DA:13,1
DA:15,1
LF:8
LH:8
BRF:0
BRH:0
end_of_record
TN:
SF:src/tasks/infrastructure/cli/commands/delete.ts
FN:5,(anonymous_0)
FN:10,(anonymous_1)
FNF:2
FNH:2
FNDA:7,(anonymous_0)
FNDA:2,(anonymous_1)
DA:1,2
DA:3,2
DA:5,2
DA:6,7
DA:11,2
DA:12,2
DA:13,1
DA:15,1
LF:8
LH:8
BRF:0
BRH:0
end_of_record
TN:
SF:src/tasks/infrastructure/cli/commands/list.ts
FN:5,(anonymous_0)
FN:9,(anonymous_1)
FN:17,(anonymous_2)
FNF:3
FNH:3
FNDA:8,(anonymous_0)
FNDA:3,(anonymous_1)
FNDA:2,(anonymous_2)
DA:1,2
DA:3,2
DA:5,2
DA:6,8
DA:10,3
DA:11,3
DA:12,2
DA:13,1
DA:14,1
DA:16,1
DA:17,1
DA:18,2
DA:21,1
LF:13
LH:13
BRDA:12,0,0,1
BRDA:12,0,1,1
BRF:2
BRH:2
end_of_record
TN:
SF:src/tasks/infrastructure/cli/commands/update.ts
FN:7,(anonymous_0)
FN:17,(anonymous_1)
FN:35,(anonymous_2)
FNF:3
FNH:3
FNDA:11,(anonymous_0)
FNDA:3,(anonymous_1)
FNDA:2,(anonymous_2)
DA:1,2
DA:3,2
DA:4,2
DA:5,2
DA:7,2
DA:8,11
DA:12,11
DA:18,3
DA:19,3
DA:20,3
DA:21,1
DA:23,2
DA:24,1
DA:26,2
DA:30,11
DA:36,2
DA:37,2
DA:38,1
DA:40,1
DA:44,11
LF:20
LH:20
BRDA:20,0,0,1
BRDA:20,0,1,2
BRF:2
BRH:2
end_of_record
TN:
SF:src/tasks/infrastructure/persistence/json/JsonTaskRepository.ts
FN:7,(anonymous_0)
FN:25,(anonymous_1)
FN:28,(anonymous_2)
FN:31,(anonymous_3)
FN:33,(anonymous_4)
FN:36,(anonymous_5)
FN:38,(anonymous_6)
FN:56,(anonymous_7)
FN:60,(anonymous_8)
FN:63,(anonymous_9)
FNF:10
FNH:10
FNDA:2,(anonymous_0)
FNDA:1,(anonymous_1)
FNDA:1,(anonymous_2)
FNDA:2,(anonymous_3)
FNDA:1,(anonymous_4)
FNDA:6,(anonymous_5)
FNDA:4,(anonymous_6)
FNDA:2,(anonymous_7)
FNDA:2,(anonymous_8)
FNDA:1,(anonymous_9)
DA:3,1
DA:4,1
DA:6,1
DA:8,2
DA:9,2
DA:11,2
DA:19,2
DA:20,2
DA:22,2
DA:26,1
DA:28,1
DA:32,2
DA:33,2
DA:37,6
DA:38,6
DA:40,6
DA:41,2
DA:44,4
DA:50,4
DA:51,4
DA:53,4
DA:57,2
DA:61,2
DA:62,2
DA:63,2
DA:65,2
DA:66,1
DA:69,1
DA:70,1
LF:29
LH:29
BRDA:33,0,0,2
BRDA:33,0,1,1
BRDA:40,1,0,2
BRDA:40,1,1,4
BRDA:65,2,0,1
BRDA:65,2,1,1
BRF:6
BRH:6
end_of_record
